INFO:werkzeug: * Restarting with windowsapi reloader
WARNING:werkzeug: * Debugger is active!
INFO:werkzeug: * Debugger PIN: 163-492-758
INFO:werkzeug: * Running on http://127.0.0.1:5000/ (Press CTRL+C to quit)
INFO:werkzeug:127.0.0.1 - - [04/May/2023 01:30:21] "[37mGET / HTTP/1.1[0m" 200 -
INFO:root:name
INFO:root:rating
INFO:root:No Comment Heading
INFO:root:'NoneType' object has no attribute 'div'
INFO:root:log my final result [{'Product': 'tv', 'Name': 'Anand Behera', 'Rating': '5', 'CommentHead': 'Worth every penny', 'Comment': 'Item is good sound quality is good picture is good realme tv best'}, {'Product': 'tv', 'Name': 'Haris Bhura', 'Rating': '5', 'CommentHead': 'Great product', 'Comment': 'Ertugrul Fans\u2764\ufe0f\U0001f493This is most iconic Tv Is awesome. This tv is 43 inch Sound is very beautiful with Dolby speakersConnectivity is very fast and pictures quality is best. As much as I appreciate this tv'}, {'Product': 'tv', 'Name': 'Vikas Yadav', 'Rating': '5', 'CommentHead': 'Excellent', 'Comment': 'As promised by realme,Better picture, better sound, better visibility,better speed and connectivity. Better purchased if anyone of you thinking to buy an android TV this could be a wonderful choice for you as its side viewing angle is also wonderful.                  And also for your family.(better choice)'}, {'Product': 'tv', 'Name': 'Deepanjan Das', 'Rating': '5', 'CommentHead': 'Classy product', 'Comment': 'So far soo good.. picture quality is amazing with respect to HD ready perspective. Sound is superb. No connectivity issue or lagging faced soo far. Nothing to complaint. But I have made a mistake by not including 3years protection while buying this TV. Wall mounted by Jeeves perfectly and charged only 400 rs. Overall a nice experience. Thanks.'}, {'Product': 'tv', 'Name': 'Shaik Althaf', 'Rating': '5', 'CommentHead': 'Awesome', 'Comment': 'After 1 Year of TV Usage, Awesome TV... Superb Sound & Excellent Picture Quality... We have to download Google Home App from playstore for connectivity of Phone to TV ...... Overall Best TV at this price... Thank You \u2764\ufe0f'}, {'Product': 'tv', 'Name': 'Megharaj K T', 'Rating': '4', 'CommentHead': 'Wonderful', 'Comment': 'Nice tv in the segment.... Good to see full HD display... Youtube works perfectly... \U0001f44c... Play store is awesome... Overall 4.5/5 \U0001f31f'}, {'Product': 'tv', 'Name': 'Shivansh Kumar', 'Rating': '5', 'CommentHead': 'Super!', 'Comment': 'Awesome tv yrr... Agar tmhe lena h to... Bina soche lelo.... Literally the tv is awesome \u2764i love it'}, {'Product': 'tv', 'Name': 'Maheshwar S Bilagi', 'Rating': '4', 'CommentHead': 'Very Good', 'Comment': 'Good product , Very clear sound ,Clearity is also good , connectivity is Good , the realme TV is Good.'}, {'Product': 'tv', 'Name': 'AKASH Hm', 'Rating': '5', 'CommentHead': 'Fabulous!', 'Comment': "This is the most iconic TV and best budget TVI'll experienced a little bit lag,overall TV is very goodPerformance is all good. The interesting part is the speakers, It is the best dolby atmos speaker I have ever seen.Overall the TV is beast.I do not have any hate on this TV. For pictures quality I'll give 4stars. It gives the best color on the TV screen. I have purchased 3years extended warranty, because in this warranty the agents will repair the TV on the door step itself,"}, {'Product': 'tv', 'Name': 'Alpesh Kumar  patel', 'Rating': '5', 'CommentHead': 'Highly recommended', 'Comment': 'Velue for money Perfect time on delivery thanks flipkartPicture quality super and sound quality is excellent Thanks realme bigest wonderful smart tv all over bestPerformanceInstallation good service on time perfect work Thanks flipkart and jeeves'}, {'Product': 'tv', 'Name': 'Alpesh Kumar  patel', 'Rating': 'No Rating', 'CommentHead': 'No Comment Heading', 'Comment': 'Velue for money Perfect time on delivery thanks flipkartPicture quality super and sound quality is excellent Thanks realme bigest wonderful smart tv all over bestPerformanceInstallation good service on time perfect work Thanks flipkart and jeeves'}]
INFO:root:Encountered unknown tag 'comment'.
INFO:werkzeug:127.0.0.1 - - [04/May/2023 01:30:31] "[37mPOST /review HTTP/1.1[0m" 200 -
INFO:werkzeug:127.0.0.1 - - [04/May/2023 01:32:14] "[37mGET / HTTP/1.1[0m" 200 -
INFO:root:name
INFO:root:rating
INFO:root:No Comment Heading
INFO:root:'NoneType' object has no attribute 'div'
INFO:root:log my final result [{'Product': 'tv', 'Name': 'Laeekul Hasan Siddiqui', 'Rating': '5', 'CommentHead': 'Great product', 'Comment': 'I first buy smart TVs which I am very happy!For the first time, what is the experience to do what I liked it is a futures.All of them will be in TV but their customer care services are very good Thomson TVs a penny TVThank you Thomson \u2764\ufe0f'}, {'Product': 'tv', 'Name': 'Nithesh Nayak', 'Rating': '5', 'CommentHead': 'Super!', 'Comment': 'Thomson Alpha 32 Inch TV is value for money. Open Box option, Quick Installation and Demo.Pictures quality is good and SD channels looks better and HD channels are good as well.Sound Output is average and more noise as you increasethe volume beyondlevel 40, I can see level upto 80.Connectivityis very good. Mir cast works perfect and even App store has major apps like AmazonPrime ,Zee5, Hotstar etc and no issue in using it.'}, {'Product': 'tv', 'Name': 'Md. Manauwar Hussain', 'Rating': '5', 'CommentHead': 'Terrific', 'Comment': "Value for money \U0001f4b8Sound quality is goodPicture quality very goodThis smart tv is supported Google Chrome to easily sone work without laptop or computerSet mouse keyboard \U0001f3b9 and use easly to browsing everythingI'm so happy \U0001f601\U0001f618"}, {'Product': 'tv', 'Name': 'SHAIK NASEER JOHN', 'Rating': '5', 'CommentHead': 'Brilliant', 'Comment': 'Thomson  is well known brand in India. This model is good and available at economical price.Moreover the company offered 3 months extended warranty for selected customers.I hope the company will provide good service during the warranty period and retain the reputation of the company.'}, {'Product': 'tv', 'Name': 'S Yashwanth  Gowda ', 'Rating': '5', 'CommentHead': 'Fabulous!', 'Comment': "It's An Awesome Tv and with lot of features for 6.5k it's worth it Thank you Flipkart.The installation Process was very smooth and clear the person was also well experienced"}, {'Product': 'tv', 'Name': 'Aman Saroha', 'Rating': '5', 'CommentHead': 'Brilliant', 'Comment': 'Its an Awesomm Mindblowing TV at this Price Segment.I have earlier worked as a Legal Advisor to this company in year 2012.... Thomson has remarkably grown in all its sectors and the quality of the product in itself reflects the same.U can buy this TV with closed eyes, its unmatched quality in this segment.I am truly impressed.. Sound quality is good (though low at bass, but its quite loud)..Video quality is ultimate.5 star for this.'}, {'Product': 'tv', 'Name': 'Flipkart Customer', 'Rating': '5', 'CommentHead': 'Terrific purchase', 'Comment': 'Excellent Product Good sound , Picture Quality Better then other Productvery well Product ......                                                             Thank you.....'}, {'Product': 'tv', 'Name': 'Flipkart Customer', 'Rating': '5', 'CommentHead': 'Classy product', 'Comment': 'Super TV  picture clarity excellent Sund  quality super iam happy'}, {'Product': 'tv', 'Name': 'Mahi Khan', 'Rating': '5', 'CommentHead': 'Simply awesome', 'Comment': "Affordable price and good quality I'm happy with it thank uh Flipkart,money worthyOr i attached the stabilizer separately for safety"}, {'Product': 'tv', 'Name': 'Kuncham  Vijay kumar ', 'Rating': '5', 'CommentHead': 'Worth every penny', 'Comment': 'Amazing product I never see any where like this product picture quality,sound very good..and value of money is very low..every can purchase this product ..so please guys buy this Thomson Led Tv..thank you'}, {'Product': 'tv', 'Name': 'Kuncham  Vijay kumar ', 'Rating': 'No Rating', 'CommentHead': 'No Comment Heading', 'Comment': 'Amazing product I never see any where like this product picture quality,sound very good..and value of money is very low..every can purchase this product ..so please guys buy this Thomson Led Tv..thank you'}]
INFO:root:Encountered unknown tag 'comment'.
INFO:werkzeug:127.0.0.1 - - [04/May/2023 01:32:25] "[37mPOST /review HTTP/1.1[0m" 200 -
INFO:werkzeug:127.0.0.1 - - [04/May/2023 01:33:36] "[37mGET / HTTP/1.1[0m" 200 -
INFO:root:name
INFO:root:rating
INFO:root:No Comment Heading
INFO:root:'NoneType' object has no attribute 'div'
INFO:root:log my final result [{'Product': 'tv', 'Name': 'Sritaj Patel', 'Rating': '5', 'CommentHead': 'Terrific purchase', 'Comment': 'At this price point, the TV is good to have with easy connectivity and setup.Picture quality is good for the led screen(however you can compare another tv in the same segments).The sound is good although Dolby impressions I couldn’t get in the first use(perhaps need to check more).Remote is clean and minimalistic and easy to use.Connectivity is good, able to connect to wifi via router and hotspot and the connection stays and works perfectly fine. Able to use any streaming services without...'}, {'Product': 'tv', 'Name': 'Abhinav Suman', 'Rating': '5', 'CommentHead': 'Perfect product!', 'Comment': 'OnePlus always brings to us all those high end tech device s at such an amazing prices . They has turned out be a blessing for families like me with such products . I am very happy with the product 43" TV . I have ordere it for my Mom , :- The UI and ease of use for old lady coming from non tech era >>>>>:- The sound quality is just superb :- Some improvement can be done for connectivity with other smart devices . :- Ease of installation So happy with flipkart also for delivery to small...'}, {'Product': 'tv', 'Name': 'Yogesh Mhatre', 'Rating': '5', 'CommentHead': 'Terrific', 'Comment': 'It is superior TV. Working on android pie .You can also use Oxygen play interface for a content centric view.It has good voice command Bluetooth base remote control.This TV incorporated with Gamma engine with MEMC , Super resolution , colour space mapping , dynamic contract . Connecting options with Wi Fi , Bluetooth , HDMI , ethernet are very quickly n fast response .Highly recommended for your future TV...\U0001f60a\U0001f60a'}, {'Product': 'tv', 'Name': 'Sankavi.N Akshaya', 'Rating': '5', 'CommentHead': 'Perfect product!', 'Comment': "It's pretty good n with oosaammmm clarity .....  One word to describe - value for money \U0001f4b0"}, {'Product': 'tv', 'Name': 'Devawayan Hore', 'Rating': '5', 'CommentHead': 'Best in the market!', 'Comment': 'A very nice Tv with many adjustments and a best sound quality and also nice used with Google assistants.. Highly recommended by me. \u263a\ufe0f'}, {'Product': 'tv', 'Name': 'Navdeep', 'Rating': '5', 'CommentHead': 'Terrific', 'Comment': 'This review is after long-term usage of 6 months, the video quality on this TV is really good especially in this range- the color production, and sound quality is good too...you can really enjoy watching series on this TV. It is really light and there is virtually no bezel- the design is really good! The remote is really simple to use and lightweight, and the user interface is smooth and easy. One great thing about this TV is Oxygen play where you can find all the content in one place....and ...'}, {'Product': 'tv', 'Name': 'Gourab Halder', 'Rating': '4', 'CommentHead': 'Delightful', 'Comment': "A nice tv to watch value for money better than other smart TV's .Only corn is the display is hd ready if it was an hd+ tv then it would killed the market .Fully recommend \U0001f918The remote is also great and responsive"}, {'Product': 'tv', 'Name': 'Flipkart Customer', 'Rating': '5', 'CommentHead': 'Mind-blowing purchase', 'Comment': "Very good picture quality.. And sound is much good than other led tv's because there is dolby speakers in it...thank u thank u so much..\u2764\u2764\U0001f60d\U0001f60d\U0001f60d"}, {'Product': 'tv', 'Name': 'Prasad kancharla', 'Rating': '3', 'CommentHead': 'Just okay', 'Comment': "1.Doesn't support .mkv format to watch videos (Nowadays     used widely)2. Casting with OnePlus connect app was not so good3. YouTube casting works perfectly4. Picture quality and audio output was good 5. TV remote was also good6. TV takes 15-20 seconds to boot. 7.  Overall okay. Did not reach my high expectations of a OnePlus TV"}, {'Product': 'tv', 'Name': 'Flipkart Customer', 'Rating': '5', 'CommentHead': 'Great product', 'Comment': 'Value for money. Amazing picture quality, sound effects and connectivity. It’s so easy to connect. Firstly I brought this tv of screen size-32 inches then I canceled it and ordered screen size-43 inches and I think it’s a good decision. My mum is happily watching Anupma and Imli \U0001f497 Thankyou oneplus  and Flipkart for wonderful service. I received the product & installation on time and even I got a call to verify , if I charged more than mentioned for installation. Overall, satisfied with the p...'}, {'Product': 'tv', 'Name': 'Flipkart Customer', 'Rating': 'No Rating', 'CommentHead': 'No Comment Heading', 'Comment': 'Value for money. Amazing picture quality, sound effects and connectivity. It’s so easy to connect. Firstly I brought this tv of screen size-32 inches then I canceled it and ordered screen size-43 inches and I think it’s a good decision. My mum is happily watching Anupma and Imli \U0001f497 Thankyou oneplus  and Flipkart for wonderful service. I received the product & installation on time and even I got a call to verify , if I charged more than mentioned for installation. Overall, satisfied with the p...'}]
INFO:werkzeug:127.0.0.1 - - [04/May/2023 01:33:45] "[37mPOST /review HTTP/1.1[0m" 200 -
INFO:werkzeug:127.0.0.1 - - [04/May/2023 01:33:45] "[33mGET /style.css HTTP/1.1[0m" 404 -
INFO:werkzeug: * Detected change in 'C:\\Users\\vinay\\AppData\\Local\\Programs\\Python\\Python39\\Lib\\site-packages\\requests\\models.py', reloading
INFO:werkzeug: * Restarting with windowsapi reloader
WARNING:werkzeug: * Debugger is active!
INFO:werkzeug: * Debugger PIN: 163-492-758
INFO:werkzeug: * Running on http://127.0.0.1:5000/ (Press CTRL+C to quit)
INFO:werkzeug: * Restarting with windowsapi reloader
WARNING:werkzeug: * Debugger is active!
INFO:werkzeug: * Debugger PIN: 163-492-758
INFO:werkzeug: * Running on http://127.0.0.1:5000/ (Press CTRL+C to quit)
INFO:werkzeug:127.0.0.1 - - [04/May/2023 01:39:37] "[37mGET / HTTP/1.1[0m" 200 -
INFO:root:name
INFO:root:rating
INFO:root:No Comment Heading
INFO:root:'NoneType' object has no attribute 'div'
INFO:root:log my final result [{'Product': 'tv', 'Name': 'Laeekul Hasan Siddiqui', 'Rating': '5', 'CommentHead': 'Great product', 'Comment': 'I first buy smart TVs which I am very happy!For the first time, what is the experience to do what I liked it is a futures.All of them will be in TV but their customer care services are very good Thomson TVs a penny TVThank you Thomson \u2764\ufe0f'}, {'Product': 'tv', 'Name': 'Nithesh Nayak', 'Rating': '5', 'CommentHead': 'Super!', 'Comment': 'Thomson Alpha 32 Inch TV is value for money. Open Box option, Quick Installation and Demo.Pictures quality is good and SD channels looks better and HD channels are good as well.Sound Output is average and more noise as you increasethe volume beyondlevel 40, I can see level upto 80.Connectivityis very good. Mir cast works perfect and even App store has major apps like AmazonPrime ,Zee5, Hotstar etc and no issue in using it.'}, {'Product': 'tv', 'Name': 'Md. Manauwar Hussain', 'Rating': '5', 'CommentHead': 'Terrific', 'Comment': "Value for money \U0001f4b8Sound quality is goodPicture quality very goodThis smart tv is supported Google Chrome to easily sone work without laptop or computerSet mouse keyboard \U0001f3b9 and use easly to browsing everythingI'm so happy \U0001f601\U0001f618"}, {'Product': 'tv', 'Name': 'SHAIK NASEER JOHN', 'Rating': '5', 'CommentHead': 'Brilliant', 'Comment': 'Thomson  is well known brand in India. This model is good and available at economical price.Moreover the company offered 3 months extended warranty for selected customers.I hope the company will provide good service during the warranty period and retain the reputation of the company.'}, {'Product': 'tv', 'Name': 'S Yashwanth  Gowda ', 'Rating': '5', 'CommentHead': 'Fabulous!', 'Comment': "It's An Awesome Tv and with lot of features for 6.5k it's worth it Thank you Flipkart.The installation Process was very smooth and clear the person was also well experienced"}, {'Product': 'tv', 'Name': 'Aman Saroha', 'Rating': '5', 'CommentHead': 'Brilliant', 'Comment': 'Its an Awesomm Mindblowing TV at this Price Segment.I have earlier worked as a Legal Advisor to this company in year 2012.... Thomson has remarkably grown in all its sectors and the quality of the product in itself reflects the same.U can buy this TV with closed eyes, its unmatched quality in this segment.I am truly impressed.. Sound quality is good (though low at bass, but its quite loud)..Video quality is ultimate.5 star for this.'}, {'Product': 'tv', 'Name': 'Flipkart Customer', 'Rating': '5', 'CommentHead': 'Terrific purchase', 'Comment': 'Excellent Product Good sound , Picture Quality Better then other Productvery well Product ......                                                             Thank you.....'}, {'Product': 'tv', 'Name': 'Flipkart Customer', 'Rating': '5', 'CommentHead': 'Classy product', 'Comment': 'Super TV  picture clarity excellent Sund  quality super iam happy'}, {'Product': 'tv', 'Name': 'Mahi Khan', 'Rating': '5', 'CommentHead': 'Simply awesome', 'Comment': "Affordable price and good quality I'm happy with it thank uh Flipkart,money worthyOr i attached the stabilizer separately for safety"}, {'Product': 'tv', 'Name': 'Kuncham  Vijay kumar ', 'Rating': '5', 'CommentHead': 'Worth every penny', 'Comment': 'Amazing product I never see any where like this product picture quality,sound very good..and value of money is very low..every can purchase this product ..so please guys buy this Thomson Led Tv..thank you'}, {'Product': 'tv', 'Name': 'Kuncham  Vijay kumar ', 'Rating': 'No Rating', 'CommentHead': 'No Comment Heading', 'Comment': 'Amazing product I never see any where like this product picture quality,sound very good..and value of money is very low..every can purchase this product ..so please guys buy this Thomson Led Tv..thank you'}]
INFO:root:'charmap' codec can't encode characters in position 277-278: character maps to <undefined>
INFO:werkzeug:127.0.0.1 - - [04/May/2023 01:39:43] "[37mPOST /review HTTP/1.1[0m" 200 -
INFO:werkzeug: * Detected change in 'c:\\Data Science\\3Web_Scrapping\\38_21Feb_Web_Scrapping\\app.py', reloading
INFO:werkzeug: * Detected change in 'c:\\Data Science\\3Web_Scrapping\\38_21Feb_Web_Scrapping\\app.py', reloading
INFO:werkzeug: * Detected change in 'c:\\Data Science\\3Web_Scrapping\\38_21Feb_Web_Scrapping\\app.py', reloading
INFO:werkzeug: * Restarting with windowsapi reloader
WARNING:werkzeug: * Debugger is active!
INFO:werkzeug: * Debugger PIN: 163-492-758
INFO:werkzeug: * Running on http://127.0.0.1:5000/ (Press CTRL+C to quit)
INFO:werkzeug:127.0.0.1 - - [04/May/2023 01:42:33] "[37mGET / HTTP/1.1[0m" 200 -
INFO:root:name
INFO:root:rating
INFO:root:No Comment Heading
INFO:root:'NoneType' object has no attribute 'div'
INFO:root:log my final result [{'Product': 'tv', 'Name': 'Vinodhini V', 'Rating': '5', 'CommentHead': 'Must buy!', 'Comment': 'Love this TV with an awesome picture clarity. Excellent pricing with good features . Brought this in Big Billions sale , Value for money'}, {'Product': 'tv', 'Name': 'poornachandra tejaswi', 'Rating': '5', 'CommentHead': 'Terrific purchase', 'Comment': 'Purchased the QLED 55 inch TV on BBD and got it with great offer and discount.I feel the picture quality is great and sound bass is not that great(Since I have used to external speakers).I am not seeing anything wow factor for QLED panel but I was use to LED TV. But this QLED clarity and picture works wow.Dolby vision great.Dolby Atmos can be felt from external speaker.'}, {'Product': 'tv', 'Name': 'Flipkart Customer', 'Rating': '5', 'CommentHead': 'Must buy!', 'Comment': 'One of the best viewing experienceQled tv in these price is unbeatable Really super Worth for money extremely Colors temperance is very very good'}, {'Product': 'tv', 'Name': '', 'Rating': '1', 'CommentHead': 'Absolute rubbish!', 'Comment': 'This product sound quality is very poor.if you are looking for a good sound quality tvThis is not the right tv.picture quality is ok but not good as said in reviews.'}, {'Product': 'tv', 'Name': 'sridhar tirunavukarasu', 'Rating': '5', 'CommentHead': 'Just wow!', 'Comment': 'Wonderful qled tv with smart features. Inam using this tv last 3 months.. no lags . Amazing work and 4k resolution is good.. sound is great.'}, {'Product': 'tv', 'Name': 'Uma Shankar J', 'Rating': '5', 'CommentHead': 'Best in the market!', 'Comment': 'A best budget friendlt TV giving top class features... worth every penny... I was looking for 65inch Google tv... got a QLED 65inch Google Tv enabled one... the performance is top class.. minimalistic design and seamless setup process.. the dolby vision/atmos provides great movie viewing experience.... best TV for the features I was expecting'}, {'Product': 'tv', 'Name': 'Atul  Suresh', 'Rating': '5', 'CommentHead': 'Terrific purchase', 'Comment': "Sound is good but not excellent. Just connect it with a sound bar, u will see it's full potential. No words for picture quality. It can give a tough competition for sony and samsung due to its QLED technology.Just jaw dropping viewing experience.Viewing angle and anti-glare screen is mind blowing.It can even play  8k video without any frame drops. A must buy product and you won't regret. I don't think sound is an issue. There are a lot of sound devices available in the market. Just plug, play..."}, {'Product': 'tv', 'Name': 'Sandeep  Rajwanshi', 'Rating': '5', 'CommentHead': 'Awesome', 'Comment': 'Purchase the QLED 50inch tv on BBD and got it with great offer and discount I feel the picture quality is great and sound bass is not that great (since I have used to external speakers)But this QLED clarity and picture works amazing Dolby vision great Dolby atmos can be felt from external speakers Thomson Qled 50inch tv amazing \U0001f60d\U0001f60d'}, {'Product': 'tv', 'Name': 'Shashank Rathod', 'Rating': '5', 'CommentHead': 'Perfect product!', 'Comment': 'I bought Tho TV primarily due to nostalgic reasons. But I was surprised to see how amazingly smooth the navigation, picture quality and sound output was. I think I am going to recommend this product to all of my family and friends.'}, {'Product': 'tv', 'Name': 'BIJU K T K', 'Rating': '5', 'CommentHead': 'Highly recommended', 'Comment': 'I  am writting this reewiew after three months of using the Thomson qled. This 50 inch  qled tv is beyond my expectations. The picture quality irrespective of 4k or full hd is fantastic. All details like black and other pigmentation are. Superb.Sound quality is also is remarkable. It gives a Dolby atmosphere with the 40 watts RMS out put. Now I have kept aside my Sony sd100 4.1 system since the Thomson Google tv  sound is balanced and crispy.Overall the purchase is a super value for money...'}, {'Product': 'tv', 'Name': 'BIJU K T K', 'Rating': 'No Rating', 'CommentHead': 'No Comment Heading', 'Comment': 'I  am writting this reewiew after three months of using the Thomson qled. This 50 inch  qled tv is beyond my expectations. The picture quality irrespective of 4k or full hd is fantastic. All details like black and other pigmentation are. Superb.Sound quality is also is remarkable. It gives a Dolby atmosphere with the 40 watts RMS out put. Now I have kept aside my Sony sd100 4.1 system since the Thomson Google tv  sound is balanced and crispy.Overall the purchase is a super value for money...'}]
INFO:root:'charmap' codec can't encode characters in position 362-363: character maps to <undefined>
INFO:werkzeug:127.0.0.1 - - [04/May/2023 01:42:41] "[37mPOST /review HTTP/1.1[0m" 200 -
INFO:werkzeug: * Detected change in 'c:\\Data Science\\3Web_Scrapping\\38_21Feb_Web_Scrapping\\app.py', reloading
INFO:werkzeug: * Detected change in 'c:\\Data Science\\3Web_Scrapping\\38_21Feb_Web_Scrapping\\app.py', reloading
INFO:werkzeug: * Detected change in 'c:\\Data Science\\3Web_Scrapping\\38_21Feb_Web_Scrapping\\app.py', reloading
INFO:werkzeug: * Detected change in 'c:\\Data Science\\3Web_Scrapping\\38_21Feb_Web_Scrapping\\app.py', reloading
INFO:werkzeug: * Restarting with windowsapi reloader
WARNING:werkzeug: * Debugger is active!
INFO:werkzeug: * Debugger PIN: 163-492-758
INFO:werkzeug: * Running on http://127.0.0.1:5000/ (Press CTRL+C to quit)
INFO:werkzeug:127.0.0.1 - - [04/May/2023 01:43:30] "[37mGET / HTTP/1.1[0m" 200 -
INFO:root:name
INFO:root:rating
INFO:root:No Comment Heading
INFO:root:'NoneType' object has no attribute 'div'
INFO:root:log my final result [{'Product': 'laptop', 'Name': 'Mamata Raut', 'Rating': '5', 'CommentHead': 'Just wow!', 'Comment': 'At first I was little skeptical to buy this laptop coz there were no reviews of it and not many people bought it also but now I am happy to have bought it....It is just wooww...Trust me go for this laptop....if it matches your use case scenarios...'}, {'Product': 'laptop', 'Name': 'mison k  baby', 'Rating': '5', 'CommentHead': 'Must buy!', 'Comment': 'Good product expecially the exchange offer as well as no cost emi deal give me maximum benefit'}, {'Product': 'laptop', 'Name': 'Mir Masudul Hoque', 'Rating': '5', 'CommentHead': 'Worth every penny', 'Comment': 'In love with it!'}, {'Product': 'laptop', 'Name': 'Santhosh Reddy', 'Rating': '5', 'CommentHead': 'Brilliant', 'Comment': 'Loved the product \U0001f44c'}, {'Product': 'laptop', 'Name': 'Santhosh Reddy', 'Rating': 'No Rating', 'CommentHead': 'No Comment Heading', 'Comment': 'Loved the product \U0001f44c'}]
INFO:werkzeug:127.0.0.1 - - [04/May/2023 01:43:53] "[37mPOST /review HTTP/1.1[0m" 200 -
INFO:werkzeug:127.0.0.1 - - [04/May/2023 01:43:53] "[33mGET /style.css HTTP/1.1[0m" 404 -
INFO:werkzeug: * Detected change in 'C:\\Users\\vinay\\AppData\\Local\\Programs\\Python\\Python39\\Lib\\encodings\\__pycache__\\__init__.cpython-39.pyc', reloading
INFO:werkzeug: * Detected change in 'C:\\Users\\vinay\\AppData\\Local\\Programs\\Python\\Python39\\Lib\\__pycache__\\codecs.cpython-39.pyc', reloading
INFO:werkzeug: * Detected change in 'C:\\Users\\vinay\\AppData\\Local\\Programs\\Python\\Python39\\Lib\\encodings\\__pycache__\\aliases.cpython-39.pyc', reloading
INFO:werkzeug: * Detected change in 'C:\\Users\\vinay\\AppData\\Local\\Programs\\Python\\Python39\\Lib\\encodings\\__pycache__\\utf_8.cpython-39.pyc', reloading
INFO:werkzeug: * Detected change in 'C:\\Users\\vinay\\AppData\\Local\\Programs\\Python\\Python39\\Lib\\encodings\\__pycache__\\latin_1.cpython-39.pyc', reloading
INFO:werkzeug: * Detected change in 'C:\\Users\\vinay\\AppData\\Local\\Programs\\Python\\Python39\\Lib\\__pycache__\\io.cpython-39.pyc', reloading
INFO:werkzeug: * Detected change in 'C:\\Users\\vinay\\AppData\\Local\\Programs\\Python\\Python39\\Lib\\__pycache__\\abc.cpython-39.pyc', reloading
INFO:werkzeug: * Detected change in 'C:\\Users\\vinay\\AppData\\Local\\Programs\\Python\\Python39\\Lib\\__pycache__\\site.cpython-39.pyc', reloading
INFO:werkzeug: * Detected change in 'C:\\Users\\vinay\\AppData\\Local\\Programs\\Python\\Python39\\Lib\\__pycache__\\os.cpython-39.pyc', reloading
INFO:werkzeug: * Detected change in 'C:\\Users\\vinay\\AppData\\Local\\Programs\\Python\\Python39\\Lib\\__pycache__\\stat.cpython-39.pyc', reloading
INFO:werkzeug: * Detected change in 'C:\\Users\\vinay\\AppData\\Local\\Programs\\Python\\Python39\\Lib\\__pycache__\\_collections_abc.cpython-39.pyc', reloading
INFO:werkzeug: * Detected change in 'C:\\Users\\vinay\\AppData\\Local\\Programs\\Python\\Python39\\Lib\\__pycache__\\ntpath.cpython-39.pyc', reloading
INFO:werkzeug: * Detected change in 'C:\\Users\\vinay\\AppData\\Local\\Programs\\Python\\Python39\\Lib\\__pycache__\\genericpath.cpython-39.pyc', reloading
INFO:werkzeug: * Detected change in 'C:\\Users\\vinay\\AppData\\Local\\Programs\\Python\\Python39\\Lib\\__pycache__\\_sitebuiltins.cpython-39.pyc', reloading
INFO:werkzeug: * Detected change in 'C:\\Users\\vinay\\AppData\\Local\\Programs\\Python\\Python39\\Lib\\__pycache__\\_bootlocale.cpython-39.pyc', reloading
INFO:werkzeug: * Detected change in 'C:\\Users\\vinay\\AppData\\Local\\Programs\\Python\\Python39\\Lib\\encodings\\__pycache__\\cp1252.cpython-39.pyc', reloading
INFO:werkzeug: * Detected change in 'C:\\Users\\vinay\\AppData\\Local\\Programs\\Python\\Python39\\Lib\\__pycache__\\types.cpython-39.pyc', reloading
INFO:werkzeug: * Detected change in 'C:\\Users\\vinay\\AppData\\Local\\Programs\\Python\\Python39\\Lib\\importlib\\__pycache__\\__init__.cpython-39.pyc', reloading
INFO:werkzeug: * Detected change in 'C:\\Users\\vinay\\AppData\\Local\\Programs\\Python\\Python39\\Lib\\__pycache__\\warnings.cpython-39.pyc', reloading
INFO:werkzeug: * Detected change in 'C:\\Users\\vinay\\AppData\\Local\\Programs\\Python\\Python39\\Lib\\importlib\\__pycache__\\util.cpython-39.pyc', reloading
INFO:werkzeug: * Detected change in 'C:\\Users\\vinay\\AppData\\Local\\Programs\\Python\\Python39\\Lib\\importlib\\__pycache__\\abc.cpython-39.pyc', reloading
INFO:werkzeug: * Detected change in 'C:\\Users\\vinay\\AppData\\Local\\Programs\\Python\\Python39\\Lib\\importlib\\__pycache__\\machinery.cpython-39.pyc', reloading
INFO:werkzeug: * Detected change in 'C:\\Users\\vinay\\AppData\\Local\\Programs\\Python\\Python39\\Lib\\__pycache__\\typing.cpython-39.pyc', reloading
INFO:werkzeug: * Detected change in 'C:\\Users\\vinay\\AppData\\Local\\Programs\\Python\\Python39\\Lib\\collections\\__pycache__\\__init__.cpython-39.pyc', reloading
INFO:werkzeug: * Detected change in 'C:\\Users\\vinay\\AppData\\Local\\Programs\\Python\\Python39\\Lib\\__pycache__\\heapq.cpython-39.pyc', reloading
INFO:werkzeug: * Detected change in 'C:\\Users\\vinay\\AppData\\Local\\Programs\\Python\\Python39\\Lib\\__pycache__\\keyword.cpython-39.pyc', reloading
INFO:werkzeug: * Detected change in 'C:\\Users\\vinay\\AppData\\Local\\Programs\\Python\\Python39\\Lib\\__pycache__\\operator.cpython-39.pyc', reloading
INFO:werkzeug: * Detected change in 'C:\\Users\\vinay\\AppData\\Local\\Programs\\Python\\Python39\\Lib\\__pycache__\\reprlib.cpython-39.pyc', reloading
INFO:werkzeug: * Detected change in 'C:\\Users\\vinay\\AppData\\Local\\Programs\\Python\\Python39\\Lib\\collections\\__pycache__\\abc.cpython-39.pyc', reloading
INFO:werkzeug: * Detected change in 'C:\\Users\\vinay\\AppData\\Local\\Programs\\Python\\Python39\\Lib\\__pycache__\\contextlib.cpython-39.pyc', reloading
INFO:werkzeug: * Detected change in 'C:\\Users\\vinay\\AppData\\Local\\Programs\\Python\\Python39\\Lib\\__pycache__\\functools.cpython-39.pyc', reloading
INFO:werkzeug: * Detected change in 'C:\\Users\\vinay\\AppData\\Local\\Programs\\Python\\Python39\\Lib\\__pycache__\\re.cpython-39.pyc', reloading
INFO:werkzeug: * Detected change in 'C:\\Users\\vinay\\AppData\\Local\\Programs\\Python\\Python39\\Lib\\__pycache__\\enum.cpython-39.pyc', reloading
INFO:werkzeug: * Detected change in 'C:\\Users\\vinay\\AppData\\Local\\Programs\\Python\\Python39\\Lib\\__pycache__\\sre_compile.cpython-39.pyc', reloading
INFO:werkzeug: * Detected change in 'C:\\Users\\vinay\\AppData\\Local\\Programs\\Python\\Python39\\Lib\\__pycache__\\sre_parse.cpython-39.pyc', reloading
INFO:werkzeug: * Detected change in 'C:\\Users\\vinay\\AppData\\Local\\Programs\\Python\\Python39\\Lib\\__pycache__\\sre_constants.cpython-39.pyc', reloading
INFO:werkzeug: * Detected change in 'C:\\Users\\vinay\\AppData\\Local\\Programs\\Python\\Python39\\Lib\\__pycache__\\copyreg.cpython-39.pyc', reloading
INFO:werkzeug: * Detected change in 'C:\\Users\\vinay\\AppData\\Local\\Programs\\Python\\Python39\\Lib\\site-packages\\win32\\lib\\__pycache__\\pywin32_bootstrap.cpython-39.pyc', reloading
INFO:werkzeug: * Detected change in 'C:\\Users\\vinay\\AppData\\Local\\Programs\\Python\\Python39\\Lib\\__pycache__\\runpy.cpython-39.pyc', reloading
INFO:werkzeug: * Detected change in 'C:\\Users\\vinay\\AppData\\Local\\Programs\\Python\\Python39\\Lib\\__pycache__\\pkgutil.cpython-39.pyc', reloading
INFO:werkzeug: * Detected change in 'C:\\Users\\vinay\\AppData\\Local\\Programs\\Python\\Python39\\Lib\\__pycache__\\weakref.cpython-39.pyc', reloading
INFO:werkzeug: * Detected change in 'C:\\Users\\vinay\\AppData\\Local\\Programs\\Python\\Python39\\Lib\\__pycache__\\_weakrefset.cpython-39.pyc', reloading
INFO:werkzeug: * Detected change in 'C:\\Users\\vinay\\AppData\\Local\\Programs\\Python\\Python39\\Lib\\__pycache__\\__future__.cpython-39.pyc', reloading
INFO:werkzeug: * Detected change in 'C:\\Users\\vinay\\AppData\\Local\\Programs\\Python\\Python39\\Lib\\__pycache__\\gettext.cpython-39.pyc', reloading
INFO:werkzeug: * Detected change in 'C:\\Users\\vinay\\AppData\\Local\\Programs\\Python\\Python39\\Lib\\__pycache__\\copy.cpython-39.pyc', reloading
INFO:werkzeug: * Detected change in 'C:\\Users\\vinay\\AppData\\Local\\Programs\\Python\\Python39\\Lib\\__pycache__\\fnmatch.cpython-39.pyc', reloading
INFO:werkzeug: * Detected change in 'C:\\Users\\vinay\\AppData\\Local\\Programs\\Python\\Python39\\Lib\\__pycache__\\posixpath.cpython-39.pyc', reloading
INFO:werkzeug: * Detected change in 'C:\\Users\\vinay\\AppData\\Local\\Programs\\Python\\Python39\\Lib\\__pycache__\\inspect.cpython-39.pyc', reloading
INFO:werkzeug: * Detected change in 'C:\\Users\\vinay\\AppData\\Local\\Programs\\Python\\Python39\\Lib\\__pycache__\\ast.cpython-39.pyc', reloading
INFO:werkzeug: * Detected change in 'C:\\Users\\vinay\\AppData\\Local\\Programs\\Python\\Python39\\Lib\\__pycache__\\dis.cpython-39.pyc', reloading
INFO:werkzeug: * Detected change in 'C:\\Users\\vinay\\AppData\\Local\\Programs\\Python\\Python39\\Lib\\__pycache__\\opcode.cpython-39.pyc', reloading
INFO:werkzeug: * Detected change in 'C:\\Users\\vinay\\AppData\\Local\\Programs\\Python\\Python39\\Lib\\__pycache__\\linecache.cpython-39.pyc', reloading
INFO:werkzeug: * Detected change in 'C:\\Users\\vinay\\AppData\\Local\\Programs\\Python\\Python39\\Lib\\__pycache__\\tokenize.cpython-39.pyc', reloading
INFO:werkzeug: * Detected change in 'C:\\Users\\vinay\\AppData\\Local\\Programs\\Python\\Python39\\Lib\\__pycache__\\token.cpython-39.pyc', reloading
INFO:werkzeug: * Detected change in 'C:\\Users\\vinay\\AppData\\Local\\Programs\\Python\\Python39\\Lib\\__pycache__\\locale.cpython-39.pyc', reloading
INFO:werkzeug: * Detected change in 'C:\\Users\\vinay\\AppData\\Local\\Programs\\Python\\Python39\\Lib\\__pycache__\\signal.cpython-39.pyc', reloading
INFO:werkzeug: * Detected change in 'C:\\Users\\vinay\\AppData\\Local\\Programs\\Python\\Python39\\Lib\\__pycache__\\textwrap.cpython-39.pyc', reloading
INFO:werkzeug: * Detected change in 'C:\\Users\\vinay\\AppData\\Local\\Programs\\Python\\Python39\\Lib\\__pycache__\\configparser.cpython-39.pyc', reloading
INFO:werkzeug: * Detected change in 'C:\\Users\\vinay\\AppData\\Local\\Programs\\Python\\Python39\\Lib\\__pycache__\\bisect.cpython-39.pyc', reloading
INFO:werkzeug: * Detected change in 'C:\\Users\\vinay\\AppData\\Local\\Programs\\Python\\Python39\\Lib\\__pycache__\\optparse.cpython-39.pyc', reloading
INFO:werkzeug: * Detected change in 'C:\\Users\\vinay\\AppData\\Local\\Programs\\Python\\Python39\\Lib\\__pycache__\\shutil.cpython-39.pyc', reloading
INFO:werkzeug: * Detected change in 'C:\\Users\\vinay\\AppData\\Local\\Programs\\Python\\Python39\\Lib\\__pycache__\\bz2.cpython-39.pyc', reloading
INFO:werkzeug: * Detected change in 'C:\\Users\\vinay\\AppData\\Local\\Programs\\Python\\Python39\\Lib\\__pycache__\\_compression.cpython-39.pyc', reloading
INFO:werkzeug: * Detected change in 'C:\\Users\\vinay\\AppData\\Local\\Programs\\Python\\Python39\\Lib\\__pycache__\\threading.cpython-39.pyc', reloading
INFO:werkzeug: * Detected change in 'C:\\Users\\vinay\\AppData\\Local\\Programs\\Python\\Python39\\Lib\\__pycache__\\lzma.cpython-39.pyc', reloading
INFO:werkzeug: * Detected change in 'C:\\Users\\vinay\\AppData\\Local\\Programs\\Python\\Python39\\Lib\\__pycache__\\datetime.cpython-39.pyc', reloading
INFO:werkzeug: * Detected change in 'C:\\Users\\vinay\\AppData\\Local\\Programs\\Python\\Python39\\Lib\\__pycache__\\decimal.cpython-39.pyc', reloading
INFO:werkzeug: * Detected change in 'C:\\Users\\vinay\\AppData\\Local\\Programs\\Python\\Python39\\Lib\\__pycache__\\numbers.cpython-39.pyc', reloading
INFO:werkzeug: * Detected change in 'C:\\Users\\vinay\\AppData\\Local\\Programs\\Python\\Python39\\Lib\\__pycache__\\string.cpython-39.pyc', reloading
INFO:werkzeug: * Restarting with windowsapi reloader
WARNING:werkzeug: * Debugger is active!
INFO:werkzeug: * Debugger PIN: 163-492-758
INFO:werkzeug: * Running on http://127.0.0.1:5000/ (Press CTRL+C to quit)
INFO:werkzeug: * Detected change in 'C:\\Users\\vinay\\AppData\\Local\\Programs\\Python\\Python39\\Lib\\__pycache__\\argparse.cpython-39.pyc', reloading
INFO:werkzeug: * Detected change in 'C:\\Users\\vinay\\AppData\\Local\\Programs\\Python\\Python39\\Lib\\__pycache__\\difflib.cpython-39.pyc', reloading
INFO:werkzeug: * Restarting with windowsapi reloader
WARNING:werkzeug: * Debugger is active!
INFO:werkzeug: * Debugger PIN: 163-492-758
INFO:werkzeug: * Running on http://127.0.0.1:5000/ (Press CTRL+C to quit)
INFO:werkzeug: * Detected change in 'C:\\Users\\vinay\\AppData\\Local\\Programs\\Python\\Python39\\Lib\\site-packages\\cachetools\\__init__.py', reloading
INFO:werkzeug: * Restarting with windowsapi reloader
WARNING:werkzeug: * Debugger is active!
INFO:werkzeug: * Debugger PIN: 163-492-758
INFO:werkzeug: * Running on http://127.0.0.1:5000/ (Press CTRL+C to quit)
INFO:werkzeug: * Detected change in 'c:\\Data Science\\3Web_Scrapping\\38_21Feb_Web_Scrapping\\app.py', reloading
INFO:werkzeug: * Detected change in 'c:\\Data Science\\3Web_Scrapping\\38_21Feb_Web_Scrapping\\app.py', reloading
INFO:werkzeug: * Restarting with windowsapi reloader
WARNING:werkzeug: * Debugger is active!
INFO:werkzeug: * Debugger PIN: 163-492-758
INFO:werkzeug: * Running on http://127.0.0.1:5000/ (Press CTRL+C to quit)
INFO:werkzeug:127.0.0.1 - - [04/May/2023 01:50:46] "[37mGET / HTTP/1.1[0m" 200 -
INFO:werkzeug:127.0.0.1 - - [04/May/2023 01:50:47] "[37mGET / HTTP/1.1[0m" 200 -
INFO:werkzeug:127.0.0.1 - - [04/May/2023 01:50:48] "[37mGET / HTTP/1.1[0m" 200 -
INFO:werkzeug:127.0.0.1 - - [04/May/2023 01:50:49] "[37mGET / HTTP/1.1[0m" 200 -
INFO:werkzeug:127.0.0.1 - - [04/May/2023 01:50:49] "[37mGET / HTTP/1.1[0m" 200 -
INFO:werkzeug:127.0.0.1 - - [04/May/2023 01:50:49] "[37mGET / HTTP/1.1[0m" 200 -
INFO:werkzeug:127.0.0.1 - - [04/May/2023 01:50:50] "[37mGET / HTTP/1.1[0m" 200 -
INFO:werkzeug:127.0.0.1 - - [04/May/2023 01:50:50] "[37mGET / HTTP/1.1[0m" 200 -
INFO:werkzeug:127.0.0.1 - - [04/May/2023 01:50:50] "[37mGET / HTTP/1.1[0m" 200 -
INFO:werkzeug:127.0.0.1 - - [04/May/2023 01:50:51] "[37mGET / HTTP/1.1[0m" 200 -
INFO:werkzeug:127.0.0.1 - - [04/May/2023 01:50:51] "[37mGET / HTTP/1.1[0m" 200 -
INFO:werkzeug: * Detected change in 'C:\\Users\\vinay\\AppData\\Local\\Programs\\Python\\Python39\\Lib\\__pycache__\\netrc.cpython-39.pyc', reloading
INFO:werkzeug: * Detected change in 'C:\\Users\\vinay\\AppData\\Local\\Programs\\Python\\Python39\\Lib\\__pycache__\\shlex.cpython-39.pyc', reloading
INFO:werkzeug: * Restarting with windowsapi reloader
WARNING:werkzeug: * Debugger is active!
INFO:werkzeug: * Debugger PIN: 163-492-758
INFO:werkzeug: * Running on http://127.0.0.1:5000/ (Press CTRL+C to quit)
INFO:root:name
INFO:root:rating
INFO:root:No Comment Heading
INFO:root:'NoneType' object has no attribute 'div'
INFO:root:log my final result [{'Product': 'tv', 'Name': 'venkat rao  Kodali', 'Rating': '4', 'CommentHead': 'Nice product', 'Comment': 'I am writing this review after watching this tv for  more than 5 days..this is absolute great product from thomson.The viewing experience was very good..but in some dark scenes it could have more brighter than what is actually.. The audio quality is good. The initial setup was easy.. All the function are working smoothly as of now which is great felling.. Its value for money product, hoping that service will be good and it take  Thomson to next level.'}, {'Product': 'tv', 'Name': 'padmaraju kaki', 'Rating': '5', 'CommentHead': 'Worth every penny', 'Comment': "One of the best SMART TV in this price segment The picture quality is awesome ,It has a 30w speaker output .Built in chrome cast , 60hz refresh rate , 10 bit panel , 500 nits brightness I also connected my pc to tv by using built in chrome castIts working very fine ....I'm satisfied with my purchase.Thank you flipkart Good specifications and very good performance Killer specifications and killing perfomance"}, {'Product': 'tv', 'Name': 'Vijay  Karki', 'Rating': '5', 'CommentHead': 'Worth every penny', 'Comment': 'Before this one we bought Thomsom 9x pro and its has so much problem Netflix not supporting and sound and apple tv don’t have sound and requested for replacement and again same problem so at last we asked refund. And then i was so scared to buy this oth pro max but I gave a try again for Thomsom. But this time oth pro max cames out very good product better then all older models Thomsom tv. Bezel less look so good to hang on wall, picture is best, Netflix working so fine with hot keys. Sound i...'}, {'Product': 'tv', 'Name': 'Chandrakanth', 'Rating': '5', 'CommentHead': 'Terrific', 'Comment': "Initial impressions after one day usage:Lived up to specifications and expectations The best feature of this TV is ofcourse its Display...colors and viewing angles are great...watching 4k content is so much fun and it's doing really good even with upscaling normal low resolution content/local cable connections. Sound is great ...30 watt speakers gives solid output...maintains very good clarity even at high volumes..dont expect home theatre experience though.Performance is smooth for n..."}, {'Product': 'tv', 'Name': 'Sanjay Kumar', 'Rating': '3', 'CommentHead': 'Does the job', 'Comment': 'TV is awesome with very good quality of picture and connectivity . sound should be more good with bass. Its installation service is not good. My installation date scheduled on 4 Aug but service engineer came on 5 Aug evening time after calling him. After all TV is good also flipkart too. After one month my TV remote is stop working.After three month I have contacted to customer care so many time but still does not work.. Now I think I am helpless because remote is not available by other sou...'}, {'Product': 'tv', 'Name': 'AHALPARA GAURANG', 'Rating': '5', 'CommentHead': 'Classy product', 'Comment': "Tv design is superb 4K Resolution is mind blowing!! Connectivity  is very good no seen lagBezels less design \U0001f60dBluetooth remoteView angel is superb not seen darkYou doubted on this tv so don't worry you should buy this tv without any worry and doubting cause this tv good I also searching more much tv as like vu but, vu alternative options is good display quality superb you should to buy this tv"}, {'Product': 'tv', 'Name': 'Amol Shimpi', 'Rating': '5', 'CommentHead': 'Terrific purchase', 'Comment': 'Picture quality awesome \U0001f44d\U0001f642 Support Dolby MS12 and DTS  surround sound is  good \U0001f44d\U0001f60a\U0001f618 and Best 4K display and excellent product for the Price \U0001f44d\U0001f642 So I am very very Happy Thanks you so much Flipkart \U0001f642\u2764\ufe0f\U0001f64f'}, {'Product': 'tv', 'Name': 'Biswaranjan Singh', 'Rating': '4', 'CommentHead': 'Really Nice', 'Comment': "Got My tv on time as promised by Flipkart. Coming to features and specifications:Pros: Good picture clarity as it comes with ips displayAndroid stock osEnable dolby sound then you will get decent sound, you may use sound bar for better experienceComes with good packagingConsComes with single band WiFi connectivityI had some issue with connectivity. Everytime I switched on my tv I had to enter my WiFi password.however, after updating software it doesn't ask for the password anymore b..."}, {'Product': 'tv', 'Name': '', 'Rating': '5', 'CommentHead': 'Best in the market!', 'Comment': 'The Best Price & Best 4K LED TV To Compare With Samsung 4K 55 LED, Same Quality & Less Features Samsung TV Price Was 62kSimply Want To Say"Worth To Buy"Speaker Sounds Are Extremely Good &Using Optical Audio Output, We Can Experience The Pure & Rich  Dolby Effect In Home TheatreI Got Android 10 Update Next Day Installation Value For Money'}, {'Product': 'tv', 'Name': 'Suresh Varma Vegiraju', 'Rating': '5', 'CommentHead': 'Great product', 'Comment': 'Look wise tv is very good and picture quality is amazing and sound quality is also good and remote is also very good over all tv is value for money great product.'}, {'Product': 'tv', 'Name': 'Suresh Varma Vegiraju', 'Rating': 'No Rating', 'CommentHead': 'No Comment Heading', 'Comment': 'Look wise tv is very good and picture quality is amazing and sound quality is also good and remote is also very good over all tv is value for money great product.'}]
INFO:root:dict contains fields not in fieldnames: 'CommentHead', 'Product', 'Rating', 'Name', 'Comment'
INFO:werkzeug:127.0.0.1 - - [04/May/2023 01:51:01] "[37mPOST /review HTTP/1.1[0m" 200 -
INFO:werkzeug:127.0.0.1 - - [04/May/2023 01:54:46] "[37mGET / HTTP/1.1[0m" 200 -
INFO:root:name
INFO:root:rating
INFO:root:No Comment Heading
INFO:root:'NoneType' object has no attribute 'div'
INFO:root:log my final result [{'Product': 'iphone14', 'Name': 'Rahul Prasad ', 'Rating': '5', 'CommentHead': 'Fabulous!', 'Comment': 'Best smart phone under this price range compare to other phones in 2023 if you see overall build quality, performance and Camera with autofocus and video action mode are awesome50% extra RAM compared to iPhone 13 and other more features. Best time to upgrade to iPhone 14 . I am so happy See Low light photos are amazing..'}, {'Product': 'iphone14', 'Name': 'Flipkart Customer', 'Rating': '5', 'CommentHead': 'Great product', 'Comment': 'Damn such a great phone. Camera is really good, battery lasts long enough, super smooth even though its just 60 hz XDR display. Videos with action mode on are insanely stable and crisp.The night mode can take some really good shots jn low light conditions .The whole apple environment itself is so seamless. I shifted from android to iPhone and it barely took any time since I had iPad and a mac already. With a just a few clicks the phone was ready to go.'}, {'Product': 'iphone14', 'Name': 'Flipkart Customer', 'Rating': '5', 'CommentHead': 'Best in the market!', 'Comment': 'Excellent smart phone, Good battery backup and performance is very good, Good camera quality.'}, {'Product': 'iphone14', 'Name': 'Feecon Behera', 'Rating': '5', 'CommentHead': 'Must buy!', 'Comment': 'Just awesome!!I switch to iPhone 14 from iPhone 12. The powerful chipset gives you smooth performance. No lags, no fancy UI, just delivers the best of it. Camera is best. Battery giving a full day. Speaker sounds wide and clear. Must buy!!'}, {'Product': 'iphone14', 'Name': 'Samaresh  Tikader', 'Rating': '5', 'CommentHead': 'Fabulous!', 'Comment': 'Happy to have iPhone 14. Wonderful phone specially because of Powerful camera\U0001f60d, perfect screen size and potentially battery life make it worthy.'}, {'Product': 'iphone14', 'Name': 'Manish Choudhary', 'Rating': '5', 'CommentHead': 'Perfect product!', 'Comment': 'Amazing deviceI switch to iPhone 14 from iPhone 8. Great camera and power management full day battery backup. Sound quality and display also awesome. Just go for it if you have enough money'}, {'Product': 'iphone14', 'Name': 'Ashutosh Kumar', 'Rating': '5', 'CommentHead': 'Classy product', 'Comment': 'Great phone with great capabilities \U0001f525Excellent camera \U0001f4f8Processor same as my 13pro New blue colour is awesome \u2764\ufe0fI have :- 14pro . 13pro . 12. 12mini . Also new this one iphone 14 . One thing is common in all have , there is no lag till the date. The one thing I always said it is what it is\U0001f525\U0001f525'}, {'Product': 'iphone14', 'Name': 'afzal khan', 'Rating': '5', 'CommentHead': 'Fabulous!', 'Comment': 'Best one. Have not used a better mobile than this yet. currently one of the best phone in the market.'}, {'Product': 'iphone14', 'Name': 'Sunder Singh ', 'Rating': '5', 'CommentHead': 'Highly recommended', 'Comment': 'I am so happy to have first time i phone 14. My experience is outstanding to have this phone.But i wanted to have i phone 18 fortunately i have this now.'}, {'Product': 'iphone14', 'Name': 'sagar dimble', 'Rating': '4', 'CommentHead': 'Nice product', 'Comment': 'camera is not as expected at evening as pictures are so dull and not bright.so much dissipointed when compare camera even with s21fe or one plus nord or other premium phones.at bright sunlight or in a bright light at night pictures are so good in portrait mode.selfies in low light are terrible. looks like camera under 10k phone.battery is good and last for day easily.performance is so good.display may be if 90hz it will be good at this price range.'}, {'Product': 'iphone14', 'Name': 'sagar dimble', 'Rating': 'No Rating', 'CommentHead': 'No Comment Heading', 'Comment': 'camera is not as expected at evening as pictures are so dull and not bright.so much dissipointed when compare camera even with s21fe or one plus nord or other premium phones.at bright sunlight or in a bright light at night pictures are so good in portrait mode.selfies in low light are terrible. looks like camera under 10k phone.battery is good and last for day easily.performance is so good.display may be if 90hz it will be good at this price range.'}]
INFO:root:dict contains fields not in fieldnames: 'CommentHead', 'Product', 'Rating', 'Name', 'Comment'
INFO:werkzeug:127.0.0.1 - - [04/May/2023 01:55:04] "[37mPOST /review HTTP/1.1[0m" 200 -
INFO:werkzeug: * Detected change in 'c:\\Data Science\\3Web_Scrapping\\38_21Feb_Web_Scrapping\\app.py', reloading
INFO:werkzeug: * Detected change in 'c:\\Data Science\\3Web_Scrapping\\38_21Feb_Web_Scrapping\\app.py', reloading
INFO:werkzeug: * Detected change in 'c:\\Data Science\\3Web_Scrapping\\38_21Feb_Web_Scrapping\\app.py', reloading
INFO:werkzeug: * Restarting with windowsapi reloader
WARNING:werkzeug: * Debugger is active!
INFO:werkzeug: * Debugger PIN: 163-492-758
INFO:werkzeug: * Running on http://127.0.0.1:5000/ (Press CTRL+C to quit)
INFO:werkzeug:127.0.0.1 - - [04/May/2023 01:58:21] "[37mGET / HTTP/1.1[0m" 200 -
INFO:root:name
INFO:root:rating
INFO:root:No Comment Heading
INFO:root:'NoneType' object has no attribute 'div'
INFO:root:log my final result [{'Product': 'iphone14', 'Name': 'Rahul Prasad ', 'Rating': '5', 'CommentHead': 'Fabulous!', 'Comment': 'Best smart phone under this price range compare to other phones in 2023 if you see overall build quality, performance and Camera with autofocus and video action mode are awesome50% extra RAM compared to iPhone 13 and other more features. Best time to upgrade to iPhone 14 . I am so happy See Low light photos are amazing..'}, {'Product': 'iphone14', 'Name': 'Flipkart Customer', 'Rating': '5', 'CommentHead': 'Great product', 'Comment': 'Damn such a great phone. Camera is really good, battery lasts long enough, super smooth even though its just 60 hz XDR display. Videos with action mode on are insanely stable and crisp.The night mode can take some really good shots jn low light conditions .The whole apple environment itself is so seamless. I shifted from android to iPhone and it barely took any time since I had iPad and a mac already. With a just a few clicks the phone was ready to go.'}, {'Product': 'iphone14', 'Name': 'Flipkart Customer', 'Rating': '5', 'CommentHead': 'Best in the market!', 'Comment': 'Excellent smart phone, Good battery backup and performance is very good, Good camera quality.'}, {'Product': 'iphone14', 'Name': 'Feecon Behera', 'Rating': '5', 'CommentHead': 'Must buy!', 'Comment': 'Just awesome!!I switch to iPhone 14 from iPhone 12. The powerful chipset gives you smooth performance. No lags, no fancy UI, just delivers the best of it. Camera is best. Battery giving a full day. Speaker sounds wide and clear. Must buy!!'}, {'Product': 'iphone14', 'Name': 'Samaresh  Tikader', 'Rating': '5', 'CommentHead': 'Fabulous!', 'Comment': 'Happy to have iPhone 14. Wonderful phone specially because of Powerful camera\U0001f60d, perfect screen size and potentially battery life make it worthy.'}, {'Product': 'iphone14', 'Name': 'Manish Choudhary', 'Rating': '5', 'CommentHead': 'Perfect product!', 'Comment': 'Amazing deviceI switch to iPhone 14 from iPhone 8. Great camera and power management full day battery backup. Sound quality and display also awesome. Just go for it if you have enough money'}, {'Product': 'iphone14', 'Name': 'Ashutosh Kumar', 'Rating': '5', 'CommentHead': 'Classy product', 'Comment': 'Great phone with great capabilities \U0001f525Excellent camera \U0001f4f8Processor same as my 13pro New blue colour is awesome \u2764\ufe0fI have :- 14pro . 13pro . 12. 12mini . Also new this one iphone 14 . One thing is common in all have , there is no lag till the date. The one thing I always said it is what it is\U0001f525\U0001f525'}, {'Product': 'iphone14', 'Name': 'afzal khan', 'Rating': '5', 'CommentHead': 'Fabulous!', 'Comment': 'Best one. Have not used a better mobile than this yet. currently one of the best phone in the market.'}, {'Product': 'iphone14', 'Name': 'Sunder Singh ', 'Rating': '5', 'CommentHead': 'Highly recommended', 'Comment': 'I am so happy to have first time i phone 14. My experience is outstanding to have this phone.But i wanted to have i phone 18 fortunately i have this now.'}, {'Product': 'iphone14', 'Name': 'sagar dimble', 'Rating': '4', 'CommentHead': 'Nice product', 'Comment': 'camera is not as expected at evening as pictures are so dull and not bright.so much dissipointed when compare camera even with s21fe or one plus nord or other premium phones.at bright sunlight or in a bright light at night pictures are so good in portrait mode.selfies in low light are terrible. looks like camera under 10k phone.battery is good and last for day easily.performance is so good.display may be if 90hz it will be good at this price range.'}, {'Product': 'iphone14', 'Name': 'sagar dimble', 'Rating': 'No Rating', 'CommentHead': 'No Comment Heading', 'Comment': 'camera is not as expected at evening as pictures are so dull and not bright.so much dissipointed when compare camera even with s21fe or one plus nord or other premium phones.at bright sunlight or in a bright light at night pictures are so good in portrait mode.selfies in low light are terrible. looks like camera under 10k phone.battery is good and last for day easily.performance is so good.display may be if 90hz it will be good at this price range.'}]
INFO:werkzeug: * Detected change in 'C:\\Users\\vinay\\AppData\\Local\\Programs\\Python\\Python39\\Lib\\site-packages\\pymongo\\settings.py', reloading
INFO:werkzeug: * Detected change in 'C:\\Users\\vinay\\AppData\\Local\\Programs\\Python\\Python39\\Lib\\site-packages\\pymongo\\mongo_client.py', reloading
INFO:werkzeug: * Detected change in 'C:\\Users\\vinay\\AppData\\Local\\Programs\\Python\\Python39\\Lib\\site-packages\\flask\\app.py', reloading
INFO:werkzeug: * Detected change in 'C:\\Users\\vinay\\AppData\\Local\\Programs\\Python\\Python39\\Lib\\site-packages\\werkzeug\\serving.py', reloading
INFO:werkzeug: * Restarting with windowsapi reloader
WARNING:werkzeug: * Debugger is active!
INFO:werkzeug: * Debugger PIN: 163-492-758
INFO:werkzeug: * Running on http://127.0.0.1:5000/ (Press CTRL+C to quit)
INFO:root:name
INFO:root:rating
INFO:root:No Comment Heading
INFO:root:'NoneType' object has no attribute 'div'
INFO:root:log my final result [{'Product': 'iphone14', 'Name': 'Rahul Prasad ', 'Rating': '5', 'CommentHead': 'Fabulous!', 'Comment': 'Best smart phone under this price range compare to other phones in 2023 if you see overall build quality, performance and Camera with autofocus and video action mode are awesome50% extra RAM compared to iPhone 13 and other more features. Best time to upgrade to iPhone 14 . I am so happy See Low light photos are amazing..'}, {'Product': 'iphone14', 'Name': 'Flipkart Customer', 'Rating': '5', 'CommentHead': 'Great product', 'Comment': 'Damn such a great phone. Camera is really good, battery lasts long enough, super smooth even though its just 60 hz XDR display. Videos with action mode on are insanely stable and crisp.The night mode can take some really good shots jn low light conditions .The whole apple environment itself is so seamless. I shifted from android to iPhone and it barely took any time since I had iPad and a mac already. With a just a few clicks the phone was ready to go.'}, {'Product': 'iphone14', 'Name': 'Flipkart Customer', 'Rating': '5', 'CommentHead': 'Best in the market!', 'Comment': 'Excellent smart phone, Good battery backup and performance is very good, Good camera quality.'}, {'Product': 'iphone14', 'Name': 'Feecon Behera', 'Rating': '5', 'CommentHead': 'Must buy!', 'Comment': 'Just awesome!!I switch to iPhone 14 from iPhone 12. The powerful chipset gives you smooth performance. No lags, no fancy UI, just delivers the best of it. Camera is best. Battery giving a full day. Speaker sounds wide and clear. Must buy!!'}, {'Product': 'iphone14', 'Name': 'Samaresh  Tikader', 'Rating': '5', 'CommentHead': 'Fabulous!', 'Comment': 'Happy to have iPhone 14. Wonderful phone specially because of Powerful camera\U0001f60d, perfect screen size and potentially battery life make it worthy.'}, {'Product': 'iphone14', 'Name': 'Manish Choudhary', 'Rating': '5', 'CommentHead': 'Perfect product!', 'Comment': 'Amazing deviceI switch to iPhone 14 from iPhone 8. Great camera and power management full day battery backup. Sound quality and display also awesome. Just go for it if you have enough money'}, {'Product': 'iphone14', 'Name': 'Ashutosh Kumar', 'Rating': '5', 'CommentHead': 'Classy product', 'Comment': 'Great phone with great capabilities \U0001f525Excellent camera \U0001f4f8Processor same as my 13pro New blue colour is awesome \u2764\ufe0fI have :- 14pro . 13pro . 12. 12mini . Also new this one iphone 14 . One thing is common in all have , there is no lag till the date. The one thing I always said it is what it is\U0001f525\U0001f525'}, {'Product': 'iphone14', 'Name': 'afzal khan', 'Rating': '5', 'CommentHead': 'Fabulous!', 'Comment': 'Best one. Have not used a better mobile than this yet. currently one of the best phone in the market.'}, {'Product': 'iphone14', 'Name': 'Sunder Singh ', 'Rating': '5', 'CommentHead': 'Highly recommended', 'Comment': 'I am so happy to have first time i phone 14. My experience is outstanding to have this phone.But i wanted to have i phone 18 fortunately i have this now.'}, {'Product': 'iphone14', 'Name': 'sagar dimble', 'Rating': '4', 'CommentHead': 'Nice product', 'Comment': 'camera is not as expected at evening as pictures are so dull and not bright.so much dissipointed when compare camera even with s21fe or one plus nord or other premium phones.at bright sunlight or in a bright light at night pictures are so good in portrait mode.selfies in low light are terrible. looks like camera under 10k phone.battery is good and last for day easily.performance is so good.display may be if 90hz it will be good at this price range.'}, {'Product': 'iphone14', 'Name': 'sagar dimble', 'Rating': 'No Rating', 'CommentHead': 'No Comment Heading', 'Comment': 'camera is not as expected at evening as pictures are so dull and not bright.so much dissipointed when compare camera even with s21fe or one plus nord or other premium phones.at bright sunlight or in a bright light at night pictures are so good in portrait mode.selfies in low light are terrible. looks like camera under 10k phone.battery is good and last for day easily.performance is so good.display may be if 90hz it will be good at this price range.'}]
INFO:root:bad auth : authentication failed, full error: {'ok': 0, 'errmsg': 'bad auth : authentication failed', 'code': 8000, 'codeName': 'AtlasError'}
INFO:werkzeug:127.0.0.1 - - [04/May/2023 01:58:35] "[37mPOST /review HTTP/1.1[0m" 200 -
INFO:werkzeug: * Detected change in 'C:\\Users\\vinay\\AppData\\Local\\Programs\\Python\\Python39\\Lib\\site-packages\\__pycache__\\autopep8.cpython-39.pyc', reloading
INFO:werkzeug: * Detected change in 'C:\\Users\\vinay\\AppData\\Local\\Programs\\Python\\Python39\\Lib\\site-packages\\__pycache__\\pycodestyle.cpython-39.pyc', reloading
INFO:werkzeug: * Detected change in 'C:\\Users\\vinay\\AppData\\Roaming\\Python\\Python39\\site-packages\\toml\\__pycache__\\__init__.cpython-39.pyc', reloading
INFO:werkzeug: * Detected change in 'C:\\Users\\vinay\\AppData\\Roaming\\Python\\Python39\\site-packages\\toml\\__pycache__\\encoder.cpython-39.pyc', reloading
INFO:werkzeug: * Detected change in 'C:\\Users\\vinay\\AppData\\Roaming\\Python\\Python39\\site-packages\\toml\\__pycache__\\decoder.cpython-39.pyc', reloading
INFO:werkzeug: * Detected change in 'C:\\Users\\vinay\\AppData\\Roaming\\Python\\Python39\\site-packages\\toml\\__pycache__\\tz.cpython-39.pyc', reloading
INFO:werkzeug: * Detected change in 'C:\\Users\\vinay\\AppData\\Local\\Programs\\Python\\Python39\\Lib\\lib2to3\\__pycache__\\__init__.cpython-39.pyc', reloading
INFO:werkzeug: * Detected change in 'C:\\Users\\vinay\\AppData\\Local\\Programs\\Python\\Python39\\Lib\\lib2to3\\pgen2\\__pycache__\\__init__.cpython-39.pyc', reloading
INFO:werkzeug: * Detected change in 'C:\\Users\\vinay\\AppData\\Local\\Programs\\Python\\Python39\\Lib\\lib2to3\\pgen2\\__pycache__\\tokenize.cpython-39.pyc', reloading
INFO:werkzeug: * Detected change in 'C:\\Users\\vinay\\AppData\\Local\\Programs\\Python\\Python39\\Lib\\lib2to3\\pgen2\\__pycache__\\token.cpython-39.pyc', reloading
INFO:werkzeug: * Restarting with windowsapi reloader
WARNING:werkzeug: * Debugger is active!
INFO:werkzeug: * Debugger PIN: 163-492-758
INFO:werkzeug: * Running on http://127.0.0.1:5000/ (Press CTRL+C to quit)
INFO:werkzeug: * Detected change in 'c:\\Data Science\\3Web_Scrapping\\38_21Feb_Web_Scrapping\\app.py', reloading
INFO:werkzeug: * Detected change in 'c:\\Data Science\\3Web_Scrapping\\38_21Feb_Web_Scrapping\\app.py', reloading
INFO:werkzeug: * Detected change in 'c:\\Data Science\\3Web_Scrapping\\38_21Feb_Web_Scrapping\\app.py', reloading
INFO:werkzeug: * Detected change in 'c:\\Data Science\\3Web_Scrapping\\38_21Feb_Web_Scrapping\\app.py', reloading
INFO:werkzeug: * Restarting with windowsapi reloader
WARNING:werkzeug: * Debugger is active!
INFO:werkzeug: * Debugger PIN: 163-492-758
INFO:werkzeug: * Running on http://127.0.0.1:5000/ (Press CTRL+C to quit)
INFO:root:name
INFO:root:rating
INFO:root:No Comment Heading
INFO:root:'NoneType' object has no attribute 'div'
INFO:root:log my final result [{'Product': 'iphone14', 'Name': 'Rahul Prasad ', 'Rating': '5', 'CommentHead': 'Fabulous!', 'Comment': 'Best smart phone under this price range compare to other phones in 2023 if you see overall build quality, performance and Camera with autofocus and video action mode are awesome50% extra RAM compared to iPhone 13 and other more features. Best time to upgrade to iPhone 14 . I am so happy See Low light photos are amazing..'}, {'Product': 'iphone14', 'Name': 'Flipkart Customer', 'Rating': '5', 'CommentHead': 'Great product', 'Comment': 'Damn such a great phone. Camera is really good, battery lasts long enough, super smooth even though its just 60 hz XDR display. Videos with action mode on are insanely stable and crisp.The night mode can take some really good shots jn low light conditions .The whole apple environment itself is so seamless. I shifted from android to iPhone and it barely took any time since I had iPad and a mac already. With a just a few clicks the phone was ready to go.'}, {'Product': 'iphone14', 'Name': 'Flipkart Customer', 'Rating': '5', 'CommentHead': 'Best in the market!', 'Comment': 'Excellent smart phone, Good battery backup and performance is very good, Good camera quality.'}, {'Product': 'iphone14', 'Name': 'Feecon Behera', 'Rating': '5', 'CommentHead': 'Must buy!', 'Comment': 'Just awesome!!I switch to iPhone 14 from iPhone 12. The powerful chipset gives you smooth performance. No lags, no fancy UI, just delivers the best of it. Camera is best. Battery giving a full day. Speaker sounds wide and clear. Must buy!!'}, {'Product': 'iphone14', 'Name': 'Samaresh  Tikader', 'Rating': '5', 'CommentHead': 'Fabulous!', 'Comment': 'Happy to have iPhone 14. Wonderful phone specially because of Powerful camera\U0001f60d, perfect screen size and potentially battery life make it worthy.'}, {'Product': 'iphone14', 'Name': 'Manish Choudhary', 'Rating': '5', 'CommentHead': 'Perfect product!', 'Comment': 'Amazing deviceI switch to iPhone 14 from iPhone 8. Great camera and power management full day battery backup. Sound quality and display also awesome. Just go for it if you have enough money'}, {'Product': 'iphone14', 'Name': 'Ashutosh Kumar', 'Rating': '5', 'CommentHead': 'Classy product', 'Comment': 'Great phone with great capabilities \U0001f525Excellent camera \U0001f4f8Processor same as my 13pro New blue colour is awesome \u2764\ufe0fI have :- 14pro . 13pro . 12. 12mini . Also new this one iphone 14 . One thing is common in all have , there is no lag till the date. The one thing I always said it is what it is\U0001f525\U0001f525'}, {'Product': 'iphone14', 'Name': 'afzal khan', 'Rating': '5', 'CommentHead': 'Fabulous!', 'Comment': 'Best one. Have not used a better mobile than this yet. currently one of the best phone in the market.'}, {'Product': 'iphone14', 'Name': 'Sunder Singh ', 'Rating': '5', 'CommentHead': 'Highly recommended', 'Comment': 'I am so happy to have first time i phone 14. My experience is outstanding to have this phone.But i wanted to have i phone 18 fortunately i have this now.'}, {'Product': 'iphone14', 'Name': 'sagar dimble', 'Rating': '4', 'CommentHead': 'Nice product', 'Comment': 'camera is not as expected at evening as pictures are so dull and not bright.so much dissipointed when compare camera even with s21fe or one plus nord or other premium phones.at bright sunlight or in a bright light at night pictures are so good in portrait mode.selfies in low light are terrible. looks like camera under 10k phone.battery is good and last for day easily.performance is so good.display may be if 90hz it will be good at this price range.'}, {'Product': 'iphone14', 'Name': 'sagar dimble', 'Rating': 'No Rating', 'CommentHead': 'No Comment Heading', 'Comment': 'camera is not as expected at evening as pictures are so dull and not bright.so much dissipointed when compare camera even with s21fe or one plus nord or other premium phones.at bright sunlight or in a bright light at night pictures are so good in portrait mode.selfies in low light are terrible. looks like camera under 10k phone.battery is good and last for day easily.performance is so good.display may be if 90hz it will be good at this price range.'}]
INFO:werkzeug:127.0.0.1 - - [04/May/2023 02:00:14] "[37mPOST /review HTTP/1.1[0m" 200 -
INFO:werkzeug:127.0.0.1 - - [04/May/2023 02:00:14] "[33mGET /style.css HTTP/1.1[0m" 404 -
INFO:werkzeug: * Detected change in 'c:\\Data Science\\3Web_Scrapping\\38_21Feb_Web_Scrapping\\app.py', reloading
INFO:werkzeug: * Detected change in 'c:\\Data Science\\3Web_Scrapping\\38_21Feb_Web_Scrapping\\app.py', reloading
INFO:werkzeug: * Detected change in 'c:\\Data Science\\3Web_Scrapping\\38_21Feb_Web_Scrapping\\app.py', reloading
INFO:werkzeug: * Detected change in 'c:\\Data Science\\3Web_Scrapping\\38_21Feb_Web_Scrapping\\app.py', reloading
INFO:werkzeug: * Restarting with windowsapi reloader
WARNING:werkzeug: * Debugger is active!
INFO:werkzeug: * Debugger PIN: 163-492-758
INFO:werkzeug: * Running on http://127.0.0.1:5000/ (Press CTRL+C to quit)
INFO:werkzeug: * Restarting with windowsapi reloader
WARNING:werkzeug: * Debugger is active!
INFO:werkzeug: * Debugger PIN: 163-492-758
INFO:werkzeug: * Running on http://127.0.0.1:5000/ (Press CTRL+C to quit)
INFO:werkzeug: * Detected change in 'C:\\Users\\vinay\\AppData\\Local\\Programs\\Python\\Python39\\Lib\\encodings\\__pycache__\\unicode_escape.cpython-39.pyc', reloading
INFO:werkzeug:127.0.0.1 - - [04/May/2023 16:35:28] "[37mGET / HTTP/1.1[0m" 200 -
INFO:werkzeug:127.0.0.1 - - [04/May/2023 16:35:29] "[36mGET /static/css/main.css HTTP/1.1[0m" 304 -
INFO:werkzeug:127.0.0.1 - - [04/May/2023 16:35:29] "[36mGET /static/css/style.css HTTP/1.1[0m" 304 -
INFO:werkzeug:127.0.0.1 - - [04/May/2023 16:35:29] "[33mGET /favicon.ico HTTP/1.1[0m" 404 -
INFO:werkzeug: * Restarting with windowsapi reloader
WARNING:werkzeug: * Debugger is active!
INFO:werkzeug: * Debugger PIN: 163-492-758
INFO:werkzeug: * Running on http://127.0.0.1:5000/ (Press CTRL+C to quit)
INFO:werkzeug: * Detected change in 'C:\\Users\\vinay\\AppData\\Local\\Programs\\Python\\Python39\\Lib\\site-packages\\flask\\__pycache__\\debughelpers.cpython-39.pyc', reloading
INFO:werkzeug: * Restarting with windowsapi reloader
WARNING:werkzeug: * Debugger is active!
INFO:werkzeug: * Debugger PIN: 163-492-758
INFO:werkzeug: * Running on http://127.0.0.1:5000/ (Press CTRL+C to quit)
INFO:werkzeug: * Detected change in 'C:\\Users\\vinay\\AppData\\Local\\Programs\\Python\\Python39\\Lib\\__pycache__\\netrc.cpython-39.pyc', reloading
INFO:werkzeug: * Detected change in 'C:\\Users\\vinay\\AppData\\Local\\Programs\\Python\\Python39\\Lib\\__pycache__\\shlex.cpython-39.pyc', reloading
INFO:werkzeug: * Restarting with windowsapi reloader
WARNING:werkzeug: * Debugger is active!
INFO:werkzeug: * Debugger PIN: 163-492-758
INFO:werkzeug: * Running on http://127.0.0.1:5000/ (Press CTRL+C to quit)
INFO:werkzeug:127.0.0.1 - - [04/May/2023 16:36:55] "[37mGET / HTTP/1.1[0m" 200 -
INFO:root:name
INFO:root:rating
INFO:root:No Comment Heading
INFO:root:'NoneType' object has no attribute 'div'
INFO:root:log my final result [{'Product': 'headphone', 'Name': 'SUSANTA TUNG', 'Rating': '5', 'CommentHead': 'Mind-blowing purchase', 'Comment': 'very Good productsound and bass quality awesome,battery backup also good ,bluetooth connectivity  excellent all over 5/5Delivery on time & Nice receive:)'}, {'Product': 'headphone', 'Name': 'D.vidya Sagar', 'Rating': '5', 'CommentHead': 'Simply awesome', 'Comment': "It's useful for us nice super quality was very fine"}, {'Product': 'headphone', 'Name': 'Rupesh  Kumar', 'Rating': '4', 'CommentHead': 'Nice product', 'Comment': 'I had a great experience with this product as  I bought it, used it for a few days and after that I am writing this feedback. Sound quality is satisfactory, battery backup is superb ,Bass is not much good like normal earphones . Sound is noise free when you talk on call. The range is also good.'}, {'Product': 'headphone', 'Name': 'Vikram  Kumar', 'Rating': '5', 'CommentHead': 'Best in the market!', 'Comment': 'Very nice , battery backup is so beautiful \U0001f389, And sound is very good, this very good product for me,, I love you fkrt and boAt \u2764\ufe0f'}, {'Product': 'headphone', 'Name': 'Chandrababu Veerabathiran', 'Rating': '1', 'CommentHead': 'Useless product', 'Comment': "Microphone doesn't work properly even if you hold closely and speak.Ear lock comes out easily.Not recommended to buy this product and this series as well"}, {'Product': 'headphone', 'Name': 'Flipkart Customer', 'Rating': '5', 'CommentHead': 'Perfect product!', 'Comment': 'Seems to be a perfect neckband for bikers, value for money, perfect voice clarity while driving as well, instant dual connectivity and so on. No second thought you can go for it'}, {'Product': 'headphone', 'Name': 'Manju Hebasoor', 'Rating': '5', 'CommentHead': 'Worth every penny', 'Comment': 'Product is good ... Sound quality is awesome bass are good backup is also good ...Tq for the delivery ...'}, {'Product': 'headphone', 'Name': 'Darshit Dhuliya', 'Rating': '4', 'CommentHead': 'Good quality product', 'Comment': "Product is very good and it's sound effect is amazing.I am satisfied with product. I happy with product by it value for money."}, {'Product': 'headphone', 'Name': 'Ashish Maddheshiya ', 'Rating': '4', 'CommentHead': 'Value-for-money', 'Comment': 'Ofcourse this is best fit band in this price cap but it could have been a little better in terms of its design and build quality. First of all its wire gets tangled after some months and become problematic. And whenever your ambience turns windy its voice gets a little bit unclear. And its wire coming from back side does look as classy as the others. Now lets talk about its pros. Battery backup is good and it just takes 30 minutes to get fully charged. And its multidevice connectivity is ju...'}, {'Product': 'headphone', 'Name': 'ACHALKUMAR MAHAVAR', 'Rating': '4', 'CommentHead': 'Delightful', 'Comment': 'Pros 1. Sound quality is awesome.2. quality is good . And easy to use. FlexibleCons.1. Mic is not good sound is average. 2. Battery backup is average.'}, {'Product': 'headphone', 'Name': 'ACHALKUMAR MAHAVAR', 'Rating': 'No Rating', 'CommentHead': 'No Comment Heading', 'Comment': 'Pros 1. Sound quality is awesome.2. quality is good . And easy to use. FlexibleCons.1. Mic is not good sound is average. 2. Battery backup is average.'}]
INFO:werkzeug: * Detected change in 'C:\\Users\\vinay\\AppData\\Local\\Programs\\Python\\Python39\\Lib\\site-packages\\dns\\rdtypes\\IN\\__pycache__\\__init__.cpython-39.pyc', reloading
INFO:werkzeug: * Detected change in 'C:\\Users\\vinay\\AppData\\Local\\Programs\\Python\\Python39\\Lib\\site-packages\\dns\\rdtypes\\IN\\__pycache__\\SRV.cpython-39.pyc', reloading
INFO:werkzeug: * Detected change in 'C:\\Users\\vinay\\AppData\\Local\\Programs\\Python\\Python39\\Lib\\site-packages\\dns\\rdtypes\\__pycache__\\util.cpython-39.pyc', reloading
INFO:werkzeug: * Detected change in 'C:\\Users\\vinay\\AppData\\Local\\Programs\\Python\\Python39\\Lib\\site-packages\\dns\\rdtypes\\ANY\\__pycache__\\TXT.cpython-39.pyc', reloading
INFO:werkzeug: * Detected change in 'C:\\Users\\vinay\\AppData\\Local\\Programs\\Python\\Python39\\Lib\\site-packages\\dns\\rdtypes\\__pycache__\\txtbase.cpython-39.pyc', reloading
INFO:werkzeug: * Detected change in 'C:\\Users\\vinay\\AppData\\Local\\Programs\\Python\\Python39\\Lib\\site-packages\\pymongo\\settings.py', reloading
INFO:werkzeug: * Detected change in 'C:\\Users\\vinay\\AppData\\Local\\Programs\\Python\\Python39\\Lib\\site-packages\\pymongo\\mongo_client.py', reloading
INFO:werkzeug: * Detected change in 'C:\\Users\\vinay\\AppData\\Local\\Programs\\Python\\Python39\\Lib\\site-packages\\flask\\app.py', reloading
INFO:werkzeug: * Detected change in 'C:\\Users\\vinay\\AppData\\Local\\Programs\\Python\\Python39\\Lib\\site-packages\\werkzeug\\debug\\__init__.py', reloading
INFO:werkzeug: * Detected change in 'C:\\Users\\vinay\\AppData\\Local\\Programs\\Python\\Python39\\Lib\\site-packages\\werkzeug\\serving.py', reloading
INFO:werkzeug: * Detected change in 'C:\\Users\\vinay\\AppData\\Local\\Programs\\Python\\Python39\\Lib\\http\\server.py', reloading
INFO:werkzeug: * Detected change in 'C:\\Users\\vinay\\AppData\\Local\\Programs\\Python\\Python39\\Lib\\socketserver.py', reloading
INFO:werkzeug: * Detected change in 'C:\\Users\\vinay\\AppData\\Local\\Programs\\Python\\Python39\\Lib\\threading.py', reloading
INFO:werkzeug:127.0.0.1 - - [04/May/2023 16:37:08] "[37mPOST /review HTTP/1.1[0m" 200 -
INFO:werkzeug:127.0.0.1 - - [04/May/2023 16:37:08] "[33mGET /style.css HTTP/1.1[0m" 404 -
INFO:werkzeug: * Restarting with windowsapi reloader
WARNING:werkzeug: * Debugger is active!
INFO:werkzeug: * Debugger PIN: 163-492-758
INFO:werkzeug: * Running on http://127.0.0.1:5000/ (Press CTRL+C to quit)
INFO:werkzeug: * Restarting with windowsapi reloader
WARNING:werkzeug: * Debugger is active!
INFO:werkzeug: * Debugger PIN: 163-492-758
INFO:werkzeug: * Running on http://127.0.0.1:5000/ (Press CTRL+C to quit)
INFO:werkzeug:127.0.0.1 - - [04/May/2023 16:39:18] "[37mGET / HTTP/1.1[0m" 200 -
INFO:werkzeug:127.0.0.1 - - [04/May/2023 16:39:47] "[37mGET / HTTP/1.1[0m" 200 -
INFO:werkzeug:127.0.0.1 - - [04/May/2023 16:39:49] "[37mGET / HTTP/1.1[0m" 200 -
INFO:werkzeug:127.0.0.1 - - [04/May/2023 16:39:49] "[37mGET / HTTP/1.1[0m" 200 -
INFO:werkzeug:127.0.0.1 - - [04/May/2023 16:39:50] "[37mGET / HTTP/1.1[0m" 200 -
INFO:werkzeug:127.0.0.1 - - [04/May/2023 16:39:50] "[37mGET / HTTP/1.1[0m" 200 -
INFO:werkzeug:127.0.0.1 - - [04/May/2023 16:39:50] "[37mGET / HTTP/1.1[0m" 200 -
INFO:werkzeug:127.0.0.1 - - [04/May/2023 16:39:51] "[37mGET / HTTP/1.1[0m" 200 -
INFO:werkzeug:127.0.0.1 - - [04/May/2023 16:39:51] "[37mGET / HTTP/1.1[0m" 200 -
INFO:werkzeug:127.0.0.1 - - [04/May/2023 16:39:51] "[37mGET / HTTP/1.1[0m" 200 -
INFO:werkzeug:127.0.0.1 - - [04/May/2023 16:39:51] "[37mGET / HTTP/1.1[0m" 200 -
INFO:werkzeug:127.0.0.1 - - [04/May/2023 16:39:51] "[37mGET / HTTP/1.1[0m" 200 -
INFO:werkzeug:127.0.0.1 - - [04/May/2023 16:39:52] "[37mGET / HTTP/1.1[0m" 200 -
INFO:werkzeug:127.0.0.1 - - [04/May/2023 16:39:52] "[37mGET / HTTP/1.1[0m" 200 -
INFO:werkzeug:127.0.0.1 - - [04/May/2023 16:39:52] "[37mGET / HTTP/1.1[0m" 200 -
INFO:werkzeug:127.0.0.1 - - [04/May/2023 16:39:52] "[37mGET / HTTP/1.1[0m" 200 -
